<?xml version="1.0" encoding="UTF-8"?>
<testsuite name="pe.upeu.andinasalud.EstadosPantallaTest" tests="7" skipped="0" failures="0" errors="0" timestamp="2026-09-22T19:32:48.759Z" hostname="LAPTOP-476K1L40" time="0.427">
  <properties/>
  <testcase name="formularioComunicaErroresPorCampo" classname="pe.upeu.andinasalud.EstadosPantallaTest" time="0.372"/>
  <testcase name="detalleInexistenteEsVacio" classname="pe.upeu.andinasalud.EstadosPantallaTest" time="0.008"/>
  <testcase name="formularioBloqueaDoblePulsacion" classname="pe.upeu.andinasalud.EstadosPantallaTest" time="0.008"/>
  <testcase name="listaPasaDeCargaAContenido" classname="pe.upeu.andinasalud.EstadosPantallaTest" time="0.012"/>
  <testcase name="errorYReintentoRecuperanContenido" classname="pe.upeu.andinasalud.EstadosPantallaTest" time="0.009"/>
  <testcase name="listaVacia" classname="pe.upeu.andinasalud.EstadosPantallaTest" time="0.004"/>
  <testcase name="destruccionCancelaCarga" classname="pe.upeu.andinasalud.EstadosPantallaTest" time="0.005"/>
  <system-out><![CDATA[]]></system-out>
  <system-err><![CDATA[]]></system-err>
</testsuite>
