<?xml version="1.0" encoding="UTF-8"?>
<testsuite name="pe.upeu.andinasalud.EstadosPantallaTest" tests="7" skipped="0" failures="0" errors="0" timestamp="2026-09-22T20:51:05.557Z" hostname="LAPTOP-476K1L40" time="0.519">
  <properties/>
  <testcase name="formularioComunicaErroresPorCampo" classname="pe.upeu.andinasalud.EstadosPantallaTest" time="0.44"/>
  <testcase name="detalleInexistenteEsVacio" classname="pe.upeu.andinasalud.EstadosPantallaTest" time="0.011"/>
  <testcase name="formularioBloqueaDoblePulsacion" classname="pe.upeu.andinasalud.EstadosPantallaTest" time="0.012"/>
  <testcase name="listaPasaDeCargaAContenido" classname="pe.upeu.andinasalud.EstadosPantallaTest" time="0.019"/>
  <testcase name="errorYReintentoRecuperanContenido" classname="pe.upeu.andinasalud.EstadosPantallaTest" time="0.011"/>
  <testcase name="listaVacia" classname="pe.upeu.andinasalud.EstadosPantallaTest" time="0.006"/>
  <testcase name="destruccionCancelaCarga" classname="pe.upeu.andinasalud.EstadosPantallaTest" time="0.009"/>
  <system-out><![CDATA[]]></system-out>
  <system-err><![CDATA[]]></system-err>
</testsuite>
